0 info it worked if it ends with ok
1 verbose cli [ 'node',
1 verbose cli   '/usr/local/bin/npm',
1 verbose cli   'install',
1 verbose cli   '-g',
1 verbose cli   'bower',
1 verbose cli   'grunt-cli' ]
2 info using npm@1.4.28
3 info using node@v0.10.36
4 verbose cache add [ 'bower', null ]
5 verbose cache add name=undefined spec="bower" args=["bower",null]
6 verbose parsed url { protocol: null,
6 verbose parsed url   slashes: null,
6 verbose parsed url   auth: null,
6 verbose parsed url   host: null,
6 verbose parsed url   port: null,
6 verbose parsed url   hostname: null,
6 verbose parsed url   hash: null,
6 verbose parsed url   search: null,
6 verbose parsed url   query: null,
6 verbose parsed url   pathname: 'bower',
6 verbose parsed url   path: 'bower',
6 verbose parsed url   href: 'bower' }
7 verbose cache add [ 'grunt-cli', null ]
8 verbose cache add name=undefined spec="grunt-cli" args=["grunt-cli",null]
9 verbose parsed url { protocol: null,
9 verbose parsed url   slashes: null,
9 verbose parsed url   auth: null,
9 verbose parsed url   host: null,
9 verbose parsed url   port: null,
9 verbose parsed url   hostname: null,
9 verbose parsed url   hash: null,
9 verbose parsed url   search: null,
9 verbose parsed url   query: null,
9 verbose parsed url   pathname: 'grunt-cli',
9 verbose parsed url   path: 'grunt-cli',
9 verbose parsed url   href: 'grunt-cli' }
10 silly lockFile 206e3ce5-bower bower
11 verbose lock bower /Users/davidhartsough/.npm/206e3ce5-bower.lock
12 silly lockFile 671ef8ac-grunt-cli grunt-cli
13 verbose lock grunt-cli /Users/davidhartsough/.npm/671ef8ac-grunt-cli.lock
14 silly lockFile 206e3ce5-bower bower
15 silly lockFile 206e3ce5-bower bower
16 silly lockFile 671ef8ac-grunt-cli grunt-cli
17 silly lockFile 671ef8ac-grunt-cli grunt-cli
18 verbose addNamed [ 'bower', '' ]
19 verbose addNamed [ null, '*' ]
20 silly lockFile 1240aab1-bower bower@
21 verbose lock bower@ /Users/davidhartsough/.npm/1240aab1-bower.lock
22 verbose addNamed [ 'grunt-cli', '' ]
23 verbose addNamed [ null, '*' ]
24 silly lockFile d63f3d0b-grunt-cli grunt-cli@
25 verbose lock grunt-cli@ /Users/davidhartsough/.npm/d63f3d0b-grunt-cli.lock
26 silly addNameRange { name: 'bower', range: '*', hasData: false }
27 silly addNameRange { name: 'grunt-cli', range: '*', hasData: false }
28 verbose request where is /bower
29 verbose request registry https://registry.npmjs.org/
30 verbose request id bd081c6a1af28129
31 verbose url raw /bower
32 verbose url resolving [ 'https://registry.npmjs.org/', './bower' ]
33 verbose url resolved https://registry.npmjs.org/bower
34 verbose request where is https://registry.npmjs.org/bower
35 info trying registry request attempt 1 at 09:55:51
36 verbose etag "7J4DUFGV8RENLGE7GYLT3F4JP"
37 http GET https://registry.npmjs.org/bower
38 verbose request where is /grunt-cli
39 verbose request registry https://registry.npmjs.org/
40 verbose url raw /grunt-cli
41 verbose url resolving [ 'https://registry.npmjs.org/', './grunt-cli' ]
42 verbose url resolved https://registry.npmjs.org/grunt-cli
43 verbose request where is https://registry.npmjs.org/grunt-cli
44 info trying registry request attempt 1 at 09:55:51
45 verbose etag "DU7A5WPETYMD69PSNZRIJZYOJ"
46 http GET https://registry.npmjs.org/grunt-cli
47 http 304 https://registry.npmjs.org/bower
48 silly registry.get cb [ 304,
48 silly registry.get   { date: 'Mon, 09 Feb 2015 15:55:51 GMT',
48 silly registry.get     server: 'Apache',
48 silly registry.get     via: '1.1 varnish',
48 silly registry.get     'last-modified': 'Mon, 09 Feb 2015 15:55:51 GMT',
48 silly registry.get     'cache-control': 'max-age=60',
48 silly registry.get     etag: '"7J4DUFGV8RENLGE7GYLT3F4JP"',
48 silly registry.get     age: '15',
48 silly registry.get     'x-served-by': 'cache-ord1721-ORD',
48 silly registry.get     'x-cache': 'HIT',
48 silly registry.get     'x-cache-hits': '1',
48 silly registry.get     'x-timer': 'S1423497351.713592,VS0,VE0',
48 silly registry.get     vary: 'Accept',
48 silly registry.get     'content-length': '0',
48 silly registry.get     'keep-alive': 'timeout=10, max=50',
48 silly registry.get     connection: 'Keep-Alive' } ]
49 verbose etag https://registry.npmjs.org/bower from cache
50 http 304 https://registry.npmjs.org/grunt-cli
51 silly registry.get cb [ 304,
51 silly registry.get   { date: 'Mon, 09 Feb 2015 15:55:51 GMT',
51 silly registry.get     server: 'Apache',
51 silly registry.get     via: '1.1 varnish',
51 silly registry.get     'last-modified': 'Mon, 09 Feb 2015 15:55:51 GMT',
51 silly registry.get     'cache-control': 'max-age=60',
51 silly registry.get     etag: '"DU7A5WPETYMD69PSNZRIJZYOJ"',
51 silly registry.get     age: '18',
51 silly registry.get     'x-served-by': 'cache-ord1723-ORD',
51 silly registry.get     'x-cache': 'HIT',
51 silly registry.get     'x-cache-hits': '1',
51 silly registry.get     'x-timer': 'S1423497351.718163,VS0,VE0',
51 silly registry.get     vary: 'Accept',
51 silly registry.get     'content-length': '0',
51 silly registry.get     'keep-alive': 'timeout=10, max=50',
51 silly registry.get     connection: 'Keep-Alive' } ]
52 verbose etag https://registry.npmjs.org/grunt-cli from cache
53 silly addNameRange number 2 { name: 'bower', range: '*', hasData: true }
54 silly addNameRange versions [ 'bower',
54 silly addNameRange   [ '0.1.0',
54 silly addNameRange     '0.1.2',
54 silly addNameRange     '0.1.3',
54 silly addNameRange     '0.2.0',
54 silly addNameRange     '0.3.0',
54 silly addNameRange     '0.3.1',
54 silly addNameRange     '0.3.2',
54 silly addNameRange     '0.4.0',
54 silly addNameRange     '0.5.0',
54 silly addNameRange     '0.5.1',
54 silly addNameRange     '0.6.0',
54 silly addNameRange     '0.6.1',
54 silly addNameRange     '0.6.2',
54 silly addNameRange     '0.6.3',
54 silly addNameRange     '0.6.4',
54 silly addNameRange     '0.6.5',
54 silly addNameRange     '0.6.6',
54 silly addNameRange     '0.6.7',
54 silly addNameRange     '0.6.8',
54 silly addNameRange     '0.7.0',
54 silly addNameRange     '0.7.1',
54 silly addNameRange     '0.8.0',
54 silly addNameRange     '0.8.1',
54 silly addNameRange     '0.8.2',
54 silly addNameRange     '0.8.3',
54 silly addNameRange     '0.8.4',
54 silly addNameRange     '0.8.5',
54 silly addNameRange     '0.8.6',
54 silly addNameRange     '0.9.0',
54 silly addNameRange     '0.9.1',
54 silly addNameRange     '0.9.2',
54 silly addNameRange     '0.10.0',
54 silly addNameRange     '1.0.0',
54 silly addNameRange     '1.0.1',
54 silly addNameRange     '1.0.2',
54 silly addNameRange     '1.0.3',
54 silly addNameRange     '1.1.0',
54 silly addNameRange     '1.1.1',
54 silly addNameRange     '1.1.2',
54 silly addNameRange     '1.2.0',
54 silly addNameRange     '1.2.1',
54 silly addNameRange     '1.2.2',
54 silly addNameRange     '1.2.3',
54 silly addNameRange     '1.2.4',
54 silly addNameRange     '1.2.5',
54 silly addNameRange     '1.2.6',
54 silly addNameRange     '1.2.7',
54 silly addNameRange     '1.2.8',
54 silly addNameRange     '1.3.0',
54 silly addNameRange     '1.3.1',
54 silly addNameRange     '1.3.2',
54 silly addNameRange     '1.3.3',
54 silly addNameRange     '1.3.4',
54 silly addNameRange     '1.3.5',
54 silly addNameRange     '1.3.6',
54 silly addNameRange     '1.3.7',
54 silly addNameRange     '1.3.8',
54 silly addNameRange     '1.3.9',
54 silly addNameRange     '1.3.10',
54 silly addNameRange     '1.3.11',
54 silly addNameRange     '1.3.12' ] ]
55 verbose addNamed [ 'bower', '1.3.12' ]
56 verbose addNamed [ '1.3.12', '1.3.12' ]
57 silly lockFile 9819431c-bower-1-3-12 bower@1.3.12
58 verbose lock bower@1.3.12 /Users/davidhartsough/.npm/9819431c-bower-1-3-12.lock
59 silly addNameRange number 2 { name: 'grunt-cli', range: '*', hasData: true }
60 silly addNameRange versions [ 'grunt-cli',
60 silly addNameRange   [ '0.1.0',
60 silly addNameRange     '0.1.1',
60 silly addNameRange     '0.1.2',
60 silly addNameRange     '0.1.3',
60 silly addNameRange     '0.1.4',
60 silly addNameRange     '0.1.5',
60 silly addNameRange     '0.1.6',
60 silly addNameRange     '0.1.7',
60 silly addNameRange     '0.1.8',
60 silly addNameRange     '0.1.9',
60 silly addNameRange     '0.1.10',
60 silly addNameRange     '0.1.11',
60 silly addNameRange     '0.1.12',
60 silly addNameRange     '0.1.13' ] ]
61 verbose addNamed [ 'grunt-cli', '0.1.13' ]
62 verbose addNamed [ '0.1.13', '0.1.13' ]
63 silly lockFile 28997503-grunt-cli-0-1-13 grunt-cli@0.1.13
64 verbose lock grunt-cli@0.1.13 /Users/davidhartsough/.npm/28997503-grunt-cli-0-1-13.lock
65 silly lockFile 28997503-grunt-cli-0-1-13 grunt-cli@0.1.13
66 silly lockFile 28997503-grunt-cli-0-1-13 grunt-cli@0.1.13
67 silly lockFile 9819431c-bower-1-3-12 bower@1.3.12
68 silly lockFile 9819431c-bower-1-3-12 bower@1.3.12
69 silly lockFile d63f3d0b-grunt-cli grunt-cli@
70 silly lockFile d63f3d0b-grunt-cli grunt-cli@
71 silly lockFile 1240aab1-bower bower@
72 silly lockFile 1240aab1-bower bower@
73 silly resolved [ { name: 'grunt-cli',
73 silly resolved     description: 'The grunt command line interface.',
73 silly resolved     version: '0.1.13',
73 silly resolved     author: { name: 'Grunt Team' },
73 silly resolved     homepage: 'http://gruntjs.com/',
73 silly resolved     repository: { type: 'git', url: 'git://github.com/gruntjs/grunt-cli.git' },
73 silly resolved     bugs: { url: 'http://github.com/gruntjs/grunt-cli/issues' },
73 silly resolved     licenses: [ [Object] ],
73 silly resolved     bin: { grunt: 'bin/grunt' },
73 silly resolved     engines: { node: '>= 0.8.0' },
73 silly resolved     scripts: { test: 'node bin/grunt test' },
73 silly resolved     preferGlobal: true,
73 silly resolved     dependencies: { nopt: '~1.0.10', 'findup-sync': '~0.1.0', resolve: '~0.3.1' },
73 silly resolved     devDependencies: { grunt: '~0.4.0', 'grunt-contrib-jshint': '~0.2.0' },
73 silly resolved     contributors: [ [Object], [Object], [Object], [Object] ],
73 silly resolved     _id: 'grunt-cli@0.1.13',
73 silly resolved     dist:
73 silly resolved      { shasum: 'e9ebc4047631f5012d922770c39378133cad10f4',
73 silly resolved        tarball: 'http://registry.npmjs.org/grunt-cli/-/grunt-cli-0.1.13.tgz' },
73 silly resolved     _from: 'grunt-cli@',
73 silly resolved     _npmVersion: '1.3.24',
73 silly resolved     _npmUser: { name: 'tkellen', email: 'tyler@sleekcode.net' },
73 silly resolved     maintainers: [ [Object] ],
73 silly resolved     directories: {},
73 silly resolved     _shasum: 'e9ebc4047631f5012d922770c39378133cad10f4',
73 silly resolved     _resolved: 'https://registry.npmjs.org/grunt-cli/-/grunt-cli-0.1.13.tgz',
73 silly resolved     readme: 'ERROR: No README data found!' },
73 silly resolved   { name: 'bower',
73 silly resolved     version: '1.3.12',
73 silly resolved     description: 'The browser package manager',
73 silly resolved     author: { name: 'Twitter' },
73 silly resolved     licenses: [ [Object] ],
73 silly resolved     repository: { type: 'git', url: 'https://github.com/bower/bower' },
73 silly resolved     main: 'lib',
73 silly resolved     homepage: 'http://bower.io',
73 silly resolved     engines: { node: '>=0.10.0' },
73 silly resolved     dependencies:
73 silly resolved      { abbrev: '~1.0.4',
73 silly resolved        archy: '0.0.2',
73 silly resolved        'bower-config': '~0.5.2',
73 silly resolved        'bower-endpoint-parser': '~0.2.2',
73 silly resolved        'bower-json': '~0.4.0',
73 silly resolved        'bower-logger': '~0.2.2',
73 silly resolved        'bower-registry-client': '~0.2.0',
73 silly resolved        cardinal: '0.4.0',
73 silly resolved        chalk: '0.5.0',
73 silly resolved        chmodr: '0.1.0',
73 silly resolved        'decompress-zip': '0.0.8',
73 silly resolved        fstream: '~1.0.2',
73 silly resolved        'fstream-ignore': '~1.0.1',
73 silly resolved        glob: '~4.0.2',
73 silly resolved        'graceful-fs': '~3.0.1',
73 silly resolved        handlebars: '~2.0.0',
73 silly resolved        inquirer: '0.7.1',
73 silly resolved        insight: '0.4.3',
73 silly resolved        'is-root': '~1.0.0',
73 silly resolved        junk: '~1.0.0',
73 silly resolved        lockfile: '~1.0.0',
73 silly resolved        'lru-cache': '~2.5.0',
73 silly resolved        mkdirp: '0.5.0',
73 silly resolved        mout: '~0.9.0',
73 silly resolved        nopt: '~3.0.0',
73 silly resolved        opn: '~1.0.0',
73 silly resolved        osenv: '0.1.0',
73 silly resolved        'p-throttler': '0.1.0',
73 silly resolved        promptly: '0.2.0',
73 silly resolved        q: '~1.0.1',
73 silly resolved        request: '~2.42.0',
73 silly resolved        'request-progress': '0.3.0',
73 silly resolved        retry: '0.6.0',
73 silly resolved        rimraf: '~2.2.0',
73 silly resolved        semver: '~2.3.0',
73 silly resolved        'shell-quote': '~1.4.1',
73 silly resolved        'stringify-object': '~1.0.0',
73 silly resolved        'tar-fs': '0.5.2',
73 silly resolved        tmp: '0.0.23',
73 silly resolved        'update-notifier': '0.2.0',
73 silly resolved        which: '~1.0.5' },
73 silly resolved     devDependencies:
73 silly resolved      { coveralls: '~2.11.0',
73 silly resolved        'expect.js': '~0.3.1',
73 silly resolved        grunt: '~0.4.4',
73 silly resolved        'grunt-cli': '^0.1.13',
73 silly resolved        'grunt-contrib-jshint': '~0.10.0',
73 silly resolved        'grunt-contrib-watch': '~0.6.1',
73 silly resolved        'grunt-exec': '~0.4.2',
73 silly resolved        'grunt-simple-mocha': '~0.4.0',
73 silly resolved        istanbul: '~0.3.2',
73 silly resolved        'load-grunt-tasks': '~0.6.0',
73 silly resolved        mocha: '~1.21.4',
73 silly resolved        nock: '~0.46.0',
73 silly resolved        'node-uuid': '~1.4.1',
73 silly resolved        proxyquire: '~1.0.1' },
73 silly resolved     scripts: { test: 'grunt test' },
73 silly resolved     bin: { bower: 'bin/bower' },
73 silly resolved     preferGlobal: true,
73 silly resolved     gitHead: 'b26c072f0db054a1902ec4d2e3726dbf8a1c799a',
73 silly resolved     bugs: { url: 'https://github.com/bower/bower/issues' },
73 silly resolved     _id: 'bower@1.3.12',
73 silly resolved     _shasum: '37de0edb3904baf90aee13384a1a379a05ee214c',
73 silly resolved     _from: 'bower@',
73 silly resolved     _npmVersion: '2.0.0',
73 silly resolved     _npmUser: { name: 'sheerun', email: 'sheerun@sher.pl' },
73 silly resolved     maintainers: [ [Object], [Object], [Object], [Object], [Object], [Object] ],
73 silly resolved     dist:
73 silly resolved      { shasum: '37de0edb3904baf90aee13384a1a379a05ee214c',
73 silly resolved        tarball: 'http://registry.npmjs.org/bower/-/bower-1.3.12.tgz' },
73 silly resolved     directories: {},
73 silly resolved     _resolved: 'https://registry.npmjs.org/bower/-/bower-1.3.12.tgz',
73 silly resolved     readme: 'ERROR: No README data found!' } ]
74 info install grunt-cli@0.1.13 into /usr/local/lib
75 info install bower@1.3.12 into /usr/local/lib
76 info installOne grunt-cli@0.1.13
77 info installOne bower@1.3.12
78 verbose lib/node_modules/grunt-cli unbuild
79 verbose lib/node_modules/bower unbuild
80 verbose tar unpack /Users/davidhartsough/.npm/grunt-cli/0.1.13/package.tgz
81 silly lockFile 466968dc-local-lib-node-modules-grunt-cli tar:///usr/local/lib/node_modules/grunt-cli
82 verbose lock tar:///usr/local/lib/node_modules/grunt-cli /Users/davidhartsough/.npm/466968dc-local-lib-node-modules-grunt-cli.lock
83 silly lockFile 2f2c9d65-npm-grunt-cli-0-1-13-package-tgz tar:///Users/davidhartsough/.npm/grunt-cli/0.1.13/package.tgz
84 verbose lock tar:///Users/davidhartsough/.npm/grunt-cli/0.1.13/package.tgz /Users/davidhartsough/.npm/2f2c9d65-npm-grunt-cli-0-1-13-package-tgz.lock
85 silly gunzTarPerm modes [ '755', '644' ]
86 info preuninstall bower@1.3.12
87 info uninstall bower@1.3.12
88 error Error: EACCES, mkdir '/usr/local/lib/node_modules/grunt-cli'
88 error  { [Error: EACCES, mkdir '/usr/local/lib/node_modules/grunt-cli']
88 error   errno: 3,
88 error   code: 'EACCES',
88 error   path: '/usr/local/lib/node_modules/grunt-cli',
88 error   fstream_type: 'Directory',
88 error   fstream_path: '/usr/local/lib/node_modules/grunt-cli',
88 error   fstream_class: 'DirWriter',
88 error   fstream_stack:
88 error    [ '/usr/local/lib/node_modules/npm/node_modules/fstream/lib/dir-writer.js:36:23',
88 error      '/usr/local/lib/node_modules/npm/node_modules/mkdirp/index.js:46:53',
88 error      'Object.oncomplete (fs.js:108:15)' ] }
89 error Please try running this command again as root/Administrator.
90 error System Darwin 14.1.0
91 error command "node" "/usr/local/bin/npm" "install" "-g" "bower" "grunt-cli"
92 error cwd /Users/davidhartsough/Documents/im465/exercise3
93 error node -v v0.10.36
94 error npm -v 1.4.28
95 error path /usr/local/lib/node_modules/grunt-cli
96 error fstream_path /usr/local/lib/node_modules/grunt-cli
97 error fstream_type Directory
98 error fstream_class DirWriter
99 error code EACCES
100 error errno 3
101 error stack Error: EACCES, mkdir '/usr/local/lib/node_modules/grunt-cli'
102 error fstream_stack /usr/local/lib/node_modules/npm/node_modules/fstream/lib/dir-writer.js:36:23
102 error fstream_stack /usr/local/lib/node_modules/npm/node_modules/mkdirp/index.js:46:53
102 error fstream_stack Object.oncomplete (fs.js:108:15)
103 verbose exit [ 3, true ]
